cl : command line  warning D9002: ignoring unknown option '/utf8'
  Preprocessing.cpp
C:\Users\Dom\Documents\GitHub\MMR_Project\MMR_Project\src\Preprocessing.cpp(92,25): warning C4267: '=': conversion from 'size_t' to 'int', possible loss of data
C:\Users\Dom\Documents\GitHub\MMR_Project\MMR_Project\src\Preprocessing.cpp(93,23): warning C4267: '=': conversion from 'size_t' to 'int', possible loss of data
C:\Users\Dom\Documents\GitHub\MMR_Project\MMR_Project\src\Preprocessing.cpp(204,26): warning C4267: 'argument': conversion from 'size_t' to '_Ty', possible loss of data
C:\Users\Dom\Documents\GitHub\MMR_Project\MMR_Project\src\Preprocessing.cpp(204,26): warning C4267:         with
C:\Users\Dom\Documents\GitHub\MMR_Project\MMR_Project\src\Preprocessing.cpp(204,26): warning C4267:         [
C:\Users\Dom\Documents\GitHub\MMR_Project\MMR_Project\src\Preprocessing.cpp(204,26): warning C4267:             _Ty=int
C:\Users\Dom\Documents\GitHub\MMR_Project\MMR_Project\src\Preprocessing.cpp(204,26): warning C4267:         ]
C:\Users\Dom\Documents\GitHub\MMR_Project\MMR_Project\src\Preprocessing.cpp(205,28): warning C4267: 'argument': conversion from 'size_t' to '_Ty', possible loss of data
C:\Users\Dom\Documents\GitHub\MMR_Project\MMR_Project\src\Preprocessing.cpp(205,28): warning C4267:         with
C:\Users\Dom\Documents\GitHub\MMR_Project\MMR_Project\src\Preprocessing.cpp(205,28): warning C4267:         [
C:\Users\Dom\Documents\GitHub\MMR_Project\MMR_Project\src\Preprocessing.cpp(205,28): warning C4267:             _Ty=int
C:\Users\Dom\Documents\GitHub\MMR_Project\MMR_Project\src\Preprocessing.cpp(205,28): warning C4267:         ]
C:\Users\Dom\Documents\GitHub\MMR_Project\MMR_Project\src\Preprocessing.cpp(227,26): warning C4244: 'initializing': conversion from 'double' to 'float', possible loss of data
C:\Users\Dom\Documents\GitHub\MMR_Project\MMR_Project\src\Preprocessing.cpp(232,25): warning C4244: 'initializing': conversion from 'double' to 'float', possible loss of data
C:\Users\Dom\Documents\GitHub\MMR_Project\MMR_Project\src\Preprocessing.cpp(244,27): warning C4244: '+=': conversion from 'double' to 'int', possible loss of data
C:\Users\Dom\Documents\GitHub\MMR_Project\MMR_Project\src\Preprocessing.cpp(246,15): warning C4244: 'initializing': conversion from 'double' to 'float', possible loss of data
C:\Users\Dom\Documents\GitHub\MMR_Project\MMR_Project\src\Preprocessing.cpp(272,34): warning C4267: '=': conversion from 'size_t' to 'int', possible loss of data
C:\Users\Dom\Documents\GitHub\MMR_Project\MMR_Project\src\Preprocessing.cpp(279,34): warning C4267: '=': conversion from 'size_t' to 'int', possible loss of data
C:\Users\Dom\Documents\GitHub\MMR_Project\MMR_Project\src\Preprocessing.cpp(286,27): warning C4267: '=': conversion from 'size_t' to 'int', possible loss of data
C:\Users\Dom\Documents\GitHub\MMR_Project\MMR_Project\src\Preprocessing.cpp(291,27): warning C4267: '=': conversion from 'size_t' to 'int', possible loss of data
C:\Users\Dom\Documents\GitHub\MMR_Project\MMR_Project\src\Preprocessing.cpp(296,33): warning C4244: 'initializing': conversion from 'double' to 'float', possible loss of data
C:\Users\Dom\Documents\GitHub\MMR_Project\MMR_Project\src\Preprocessing.cpp(298,29): warning C4244: '=': conversion from 'float' to 'int', possible loss of data
C:\Users\Dom\Documents\GitHub\MMR_Project\MMR_Project\src\Preprocessing.cpp(302,29): warning C4244: '=': conversion from 'float' to 'int', possible loss of data
C:\Users\Dom\Documents\GitHub\MMR_Project\MMR_Project\src\Preprocessing.cpp(395,35): warning C4267: 'initializing': conversion from 'size_t' to 'int', possible loss of data
C:\Users\Dom\Documents\GitHub\MMR_Project\MMR_Project\src\Preprocessing.cpp(403,37): warning C4267: 'initializing': conversion from 'size_t' to 'int', possible loss of data
C:\Users\Dom\Documents\GitHub\MMR_Project\MMR_Project\src\matplotlibcpp.h(1813,48): warning C4244: '=': conversion from 'size_t' to '_Ty', possible loss of data
C:\Users\Dom\Documents\GitHub\MMR_Project\MMR_Project\src\matplotlibcpp.h(1813,48): warning C4244:         with
C:\Users\Dom\Documents\GitHub\MMR_Project\MMR_Project\src\matplotlibcpp.h(1813,48): warning C4244:         [
C:\Users\Dom\Documents\GitHub\MMR_Project\MMR_Project\src\matplotlibcpp.h(1813,48): warning C4244:             _Ty=double
C:\Users\Dom\Documents\GitHub\MMR_Project\MMR_Project\src\matplotlibcpp.h(1813,48): warning C4244:         ]
  (compiling source file 'src/Preprocessing.cpp')
      C:\Users\Dom\Documents\GitHub\MMR_Project\MMR_Project\src\matplotlibcpp.h(1813,48):
      the template instantiation context (the oldest one first) is
          C:\Users\Dom\Documents\GitHub\MMR_Project\MMR_Project\src\matplotlibcpp.h(2877,12):
          see reference to function template instantiation 'bool matplotlibcpp::plot<double>(const std::vector<double,std::allocator<double>> &,const std::string &)' being compiled
  
  Refinement.cpp
C:\Users\Dom\Documents\GitHub\MMR_Project\MMR_Project\src\Refinement.cpp(12,16): warning C4834: discarding return value of function with [[nodiscard]] attribute
  application.cpp
C:\Users\Dom\Documents\GitHub\MMR_Project\MMR_Project\src\application.cpp(96,23): warning C4267: 'initializing': conversion from 'size_t' to 'unsigned int', possible loss of data
C:\Users\Dom\Documents\GitHub\MMR_Project\MMR_Project\src\application.cpp(237,21): warning C4244: 'initializing': conversion from 'double' to 'float', possible loss of data
C:\Users\Dom\Documents\GitHub\MMR_Project\MMR_Project\src\application.cpp(238,20): warning C4244: 'initializing': conversion from 'double' to 'float', possible loss of data
C:\Users\Dom\Documents\GitHub\MMR_Project\MMR_Project\src\application.cpp(257,28): warning C4244: '=': conversion from 'double' to 'float', possible loss of data
C:\Users\Dom\Documents\GitHub\MMR_Project\MMR_Project\src\application.cpp(291,44): warning C4267: 'argument': conversion from 'size_t' to 'GLsizei', possible loss of data
C:\Users\Dom\Documents\GitHub\MMR_Project\MMR_Project\src\application.cpp(328,54): warning C4267: 'argument': conversion from 'size_t' to 'GLsizei', possible loss of data
LINK : warning LNK4098: defaultlib 'LIBCMT' conflicts with use of other libs; use /NODEFAULTLIB:library
  Generating code
C:\Users\Dom\Documents\GitHub\MMR_Project\MMR_Project\src\Preprocessing.cpp(412): warning C4715: 'Preprocessing::Resampling': not all control paths return a value
  75 of 2846 functions ( 2.6%) were compiled, the rest were copied from previous compilation.
    4 functions were new in current compilation
    635 functions had inline decision re-evaluated but remain unchanged
  Finished generating code
glew32s.lib(glew.obj) : warning LNK4099: PDB '' was not found with 'glew32s.lib(glew.obj)' or at ''; linking object as if no debug info
  MMR_Project.vcxproj -> C:\Users\Dom\Documents\GitHub\MMR_Project\x64\Release\MMR_Project.exe
  'pwsh.exe' is not recognized as an internal or external command,
  operable program or batch file.
