  Preprocessing.cpp
C:\Users\Dom\Documents\GitHub\MMR_Project\MMR_Project\src\Preprocessing.cpp(282,26): warning C4267: 'argument': conversion from 'size_t' to '_Ty', possible loss of data
C:\Users\Dom\Documents\GitHub\MMR_Project\MMR_Project\src\Preprocessing.cpp(282,26): warning C4267:         with
C:\Users\Dom\Documents\GitHub\MMR_Project\MMR_Project\src\Preprocessing.cpp(282,26): warning C4267:         [
C:\Users\Dom\Documents\GitHub\MMR_Project\MMR_Project\src\Preprocessing.cpp(282,26): warning C4267:             _Ty=int
C:\Users\Dom\Documents\GitHub\MMR_Project\MMR_Project\src\Preprocessing.cpp(282,26): warning C4267:         ]
C:\Users\Dom\Documents\GitHub\MMR_Project\MMR_Project\src\Preprocessing.cpp(283,28): warning C4267: 'argument': conversion from 'size_t' to '_Ty', possible loss of data
C:\Users\Dom\Documents\GitHub\MMR_Project\MMR_Project\src\Preprocessing.cpp(283,28): warning C4267:         with
C:\Users\Dom\Documents\GitHub\MMR_Project\MMR_Project\src\Preprocessing.cpp(283,28): warning C4267:         [
C:\Users\Dom\Documents\GitHub\MMR_Project\MMR_Project\src\Preprocessing.cpp(283,28): warning C4267:             _Ty=int
C:\Users\Dom\Documents\GitHub\MMR_Project\MMR_Project\src\Preprocessing.cpp(283,28): warning C4267:         ]
C:\Users\Dom\Documents\GitHub\MMR_Project\MMR_Project\src\Preprocessing.cpp(305,26): warning C4244: 'initializing': conversion from 'double' to 'float', possible loss of data
C:\Users\Dom\Documents\GitHub\MMR_Project\MMR_Project\src\Preprocessing.cpp(310,25): warning C4244: 'initializing': conversion from 'double' to 'float', possible loss of data
C:\Users\Dom\Documents\GitHub\MMR_Project\MMR_Project\src\Preprocessing.cpp(322,27): warning C4244: '+=': conversion from 'double' to 'int', possible loss of data
C:\Users\Dom\Documents\GitHub\MMR_Project\MMR_Project\src\Preprocessing.cpp(324,15): warning C4244: 'initializing': conversion from 'double' to 'float', possible loss of data
C:\Users\Dom\Documents\GitHub\MMR_Project\MMR_Project\src\Preprocessing.cpp(353,34): warning C4267: '=': conversion from 'size_t' to 'int', possible loss of data
C:\Users\Dom\Documents\GitHub\MMR_Project\MMR_Project\src\Preprocessing.cpp(360,34): warning C4267: '=': conversion from 'size_t' to 'int', possible loss of data
C:\Users\Dom\Documents\GitHub\MMR_Project\MMR_Project\src\Preprocessing.cpp(368,27): warning C4267: '=': conversion from 'size_t' to 'int', possible loss of data
C:\Users\Dom\Documents\GitHub\MMR_Project\MMR_Project\src\Preprocessing.cpp(373,27): warning C4267: '=': conversion from 'size_t' to 'int', possible loss of data
C:\Users\Dom\Documents\GitHub\MMR_Project\MMR_Project\src\Preprocessing.cpp(378,33): warning C4244: 'initializing': conversion from 'double' to 'float', possible loss of data
C:\Users\Dom\Documents\GitHub\MMR_Project\MMR_Project\src\Preprocessing.cpp(380,29): warning C4244: '=': conversion from 'float' to 'int', possible loss of data
C:\Users\Dom\Documents\GitHub\MMR_Project\MMR_Project\src\Preprocessing.cpp(384,29): warning C4244: '=': conversion from 'float' to 'int', possible loss of data
C:\Users\Dom\Documents\GitHub\MMR_Project\Dependencies\vcg\vcg\complex\algorithms\clean.h(424,21): warning C4244: 'return': conversion from '__int64' to 'int', possible loss of data
  (compiling source file 'src/Preprocessing.cpp')
      C:\Users\Dom\Documents\GitHub\MMR_Project\Dependencies\vcg\vcg\complex\algorithms\clean.h(424,21):
      the template instantiation context (the oldest one first) is
          C:\Users\Dom\Documents\GitHub\MMR_Project\MMR_Project\src\Preprocessing.cpp(532,29):
          see reference to class template instantiation 'vcg::tri::Clean<MyMesh>' being compiled
          C:\Users\Dom\Documents\GitHub\MMR_Project\Dependencies\vcg\vcg\complex\algorithms\clean.h(396,13):
          while compiling class template member function 'int vcg::tri::Clean<MyMesh>::RemoveUnreferencedVertex(MyMesh &,bool)'
              C:\Users\Dom\Documents\GitHub\MMR_Project\MMR_Project\src\Preprocessing.cpp(534,53):
              see the first reference to 'vcg::tri::Clean<MyMesh>::RemoveUnreferencedVertex' in 'Preprocessing::Simplify'
  
C:\Users\Dom\Documents\GitHub\MMR_Project\Dependencies\vcg\vcg\complex\algorithms\local_optimization\tri_edge_collapse_quadric.h(327,24): warning C4244: 'initializing': conversion from 'double' to 'float', possible loss of data
  (compiling source file 'src/Preprocessing.cpp')
      C:\Users\Dom\Documents\GitHub\MMR_Project\Dependencies\vcg\vcg\complex\algorithms\local_optimization\tri_edge_collapse_quadric.h(327,24):
      the template instantiation context (the oldest one first) is
          C:\Users\Dom\Documents\GitHub\MMR_Project\MMR_Project\src\Preprocessing.cpp(98,44):
          see reference to class template instantiation 'vcg::tri::TriEdgeCollapseQuadric<MyMesh,VertexPair,MyTriEdgeCollapse,vcg::tri::QInfoStandard<MyVertex>>' being compiled
          C:\Users\Dom\Documents\GitHub\MMR_Project\Dependencies\vcg\vcg\complex\algorithms\local_optimization\tri_edge_collapse_quadric.h(300,14):
          while compiling class template member function 'float vcg::tri::TriEdgeCollapseQuadric<MyMesh,VertexPair,MyTriEdgeCollapse,vcg::tri::QInfoStandard<MyVertex>>::ComputePriority(vcg::BaseParameterClass *)'
  
C:\Users\Dom\Documents\GitHub\MMR_Project\Dependencies\vcg\vcg\complex\algorithms\local_optimization\tri_edge_collapse_quadric.h(345,24): warning C4244: 'initializing': conversion from 'double' to 'float', possible loss of data
  (compiling source file 'src/Preprocessing.cpp')
  
C:\Users\Dom\Documents\GitHub\MMR_Project\Dependencies\vcg\vcg\complex\algorithms\local_optimization\tri_edge_collapse_quadric.h(388,42): warning C4244: '=': conversion from 'double' to 'float', possible loss of data
  (compiling source file 'src/Preprocessing.cpp')
  
C:\Users\Dom\Documents\GitHub\MMR_Project\Dependencies\vcg\vcg\complex\algorithms\local_optimization\tri_edge_collapse_quadric.h(393,41): warning C4244: '=': conversion from 'double' to 'float', possible loss of data
  (compiling source file 'src/Preprocessing.cpp')
  
C:\Users\Dom\Documents\GitHub\MMR_Project\Dependencies\vcg\vcg\complex\algorithms\local_optimization\tri_edge_collapse_quadric.h(394,18): warning C4244: '=': conversion from 'double' to 'float', possible loss of data
  (compiling source file 'src/Preprocessing.cpp')
  
C:\Users\Dom\Documents\GitHub\MMR_Project\Dependencies\vcg\vcg\complex\algorithms\clean.h(370,68): warning C4267: 'argument': conversion from 'size_t' to 'unsigned int', possible loss of data
  (compiling source file 'src/Preprocessing.cpp')
      C:\Users\Dom\Documents\GitHub\MMR_Project\Dependencies\vcg\vcg\complex\algorithms\clean.h(370,68):
      the template instantiation context (the oldest one first) is
          C:\Users\Dom\Documents\GitHub\MMR_Project\Dependencies\vcg\vcg\complex\algorithms\clean.h(363,13):
          while compiling class template member function 'int vcg::tri::Clean<MyMesh>::RemoveDuplicateEdge(MyMesh &)'
              C:\Users\Dom\Documents\GitHub\MMR_Project\Dependencies\vcg\vcg\complex\algorithms\clean.h(273,23):
              see the first reference to 'vcg::tri::Clean<MyMesh>::RemoveDuplicateEdge' in 'vcg::tri::Clean<MyMesh>::RemoveDuplicateVertex'
              C:\Users\Dom\Documents\GitHub\MMR_Project\MMR_Project\src\Preprocessing.cpp(533,50):
              see the first reference to 'vcg::tri::Clean<MyMesh>::RemoveDuplicateVertex' in 'Preprocessing::Simplify'
  
C:\Users\Dom\Documents\GitHub\MMR_Project\Dependencies\vcg\vcg\complex\algorithms\clean.h(370,42): warning C4267: 'argument': conversion from 'size_t' to 'unsigned int', possible loss of data
  (compiling source file 'src/Preprocessing.cpp')
  
C:\Users\Dom\Documents\GitHub\MMR_Project\MMR_Project\src\matplotlibcpp.h(1813,48): warning C4244: '=': conversion from 'size_t' to '_Ty', possible loss of data
C:\Users\Dom\Documents\GitHub\MMR_Project\MMR_Project\src\matplotlibcpp.h(1813,48): warning C4244:         with
C:\Users\Dom\Documents\GitHub\MMR_Project\MMR_Project\src\matplotlibcpp.h(1813,48): warning C4244:         [
C:\Users\Dom\Documents\GitHub\MMR_Project\MMR_Project\src\matplotlibcpp.h(1813,48): warning C4244:             _Ty=double
C:\Users\Dom\Documents\GitHub\MMR_Project\MMR_Project\src\matplotlibcpp.h(1813,48): warning C4244:         ]
  (compiling source file 'src/Preprocessing.cpp')
      C:\Users\Dom\Documents\GitHub\MMR_Project\MMR_Project\src\matplotlibcpp.h(1813,48):
      the template instantiation context (the oldest one first) is
          C:\Users\Dom\Documents\GitHub\MMR_Project\MMR_Project\src\matplotlibcpp.h(2877,12):
          see reference to function template instantiation 'bool matplotlibcpp::plot<double>(const std::vector<double,std::allocator<double>> &,const std::string &)' being compiled
  
C:\Users\Dom\Documents\GitHub\MMR_Project\Dependencies\vcg\vcg\complex\algorithms\refine.h(154,40): warning C4244: '=': conversion from 'double' to 'float', possible loss of data
  (compiling source file 'src/Preprocessing.cpp')
      C:\Users\Dom\Documents\GitHub\MMR_Project\Dependencies\vcg\vcg\complex\algorithms\refine.h(154,40):
      the template instantiation context (the oldest one first) is
          C:\Users\Dom\Documents\GitHub\MMR_Project\MMR_Project\src\Preprocessing.cpp(841,43):
          see reference to class template instantiation 'vcg::tri::MidPoint<MyMesh,vcg::tri::BaseInterpolator<MESH_TYPE>>' being compiled
          with
          [
              MESH_TYPE=MyMesh
          ]
          C:\Users\Dom\Documents\GitHub\MMR_Project\Dependencies\vcg\vcg\complex\algorithms\refine.h(139,10):
          while compiling class template member function 'void vcg::tri::MidPoint<MyMesh,vcg::tri::BaseInterpolator<MESH_TYPE>>::operator ()(MyVertex &,vcg::face::Pos<MyFace>)'
          with
          [
              MESH_TYPE=MyMesh
          ]
              C:\Users\Dom\Documents\GitHub\MMR_Project\Dependencies\vcg\vcg\complex\algorithms\refine.h(405,28):
              see the first reference to 'vcg::tri::MidPoint<MyMesh,vcg::tri::BaseInterpolator<MESH_TYPE>>::operator ()' in 'vcg::tri::RefineE'
          with
          [
              MESH_TYPE=MyMesh
          ]
  
  Shader.cpp
  Camera.cpp
  application.cpp
C:\Users\Dom\Documents\GitHub\MMR_Project\MMR_Project\src\application.cpp(105,23): warning C4267: 'initializing': conversion from 'size_t' to 'unsigned int', possible loss of data
C:\Users\Dom\Documents\GitHub\MMR_Project\MMR_Project\src\application.cpp(362,21): warning C4244: 'initializing': conversion from 'double' to 'float', possible loss of data
C:\Users\Dom\Documents\GitHub\MMR_Project\MMR_Project\src\application.cpp(363,20): warning C4244: 'initializing': conversion from 'double' to 'float', possible loss of data
C:\Users\Dom\Documents\GitHub\MMR_Project\MMR_Project\src\application.cpp(381,28): warning C4244: '=': conversion from 'double' to 'float', possible loss of data
C:\Users\Dom\Documents\GitHub\MMR_Project\MMR_Project\src\application.cpp(411,44): warning C4267: 'argument': conversion from 'size_t' to 'GLsizei', possible loss of data
C:\Users\Dom\Documents\GitHub\MMR_Project\MMR_Project\src\application.cpp(448,54): warning C4267: 'argument': conversion from 'size_t' to 'GLsizei', possible loss of data
  Generating Code...
C:\Users\Dom\Documents\GitHub\MMR_Project\MMR_Project\src\application.cpp(268,1): warning C4715: 'Resampling': not all control paths return a value
glew32s.lib(glew.obj) : warning LNK4099: PDB '' was not found with 'glew32s.lib(glew.obj)' or at ''; linking object as if no debug info
LINK : fatal error LNK1104: cannot open file 'python313_d.lib'
